#
# There is insufficient memory for the Java Runtime Environment to continue.
# Native memory allocation (malloc) failed to allocate 1048576 bytes. Error detail: AllocateHeap
# Possible reasons:
#   The system is out of physical RAM or swap space
#   This process is running with CompressedOops enabled, and the Java Heap may be blocking the growth of the native heap
# Possible solutions:
#   Reduce memory load on the system
#   Increase physical memory or swap space
#   Check if swap backing store is full
#   Decrease Java heap size (-Xmx/-Xms)
#   Decrease number of Java threads
#   Decrease Java thread stack sizes (-Xss)
#   Set larger code cache with -XX:ReservedCodeCacheSize=
#   JVM is running with Unscaled Compressed Oops mode in which the Java heap is
#     placed in the first 4GB address space. The Java Heap base address is the
#     maximum limit for the native heap growth. Please use -XX:HeapBaseMinAddress
#     to set the Java Heap base and to place the Java Heap above 4GB virtual address.
# This output file may be truncated or incomplete.
#
#  Out of Memory Error (allocation.cpp:44), pid=22452, tid=13160
#
# JRE version: OpenJDK Runtime Environment Temurin-21.0.10+7 (21.0.10+7) (build 21.0.10+7-LTS)
# Java VM: OpenJDK 64-Bit Server VM Temurin-21.0.10+7 (21.0.10+7-LTS, mixed mode, sharing, tiered, compressed oops, compressed class ptrs, parallel gc, windows-amd64)
# No core dump will be written. Minidumps are not enabled by default on client versions of Windows
#

---------------  S U M M A R Y ------------

Command Line: --add-modules=ALL-SYSTEM --add-opens=java.base/java.util=ALL-UNNAMED --add-opens=java.base/java.lang=ALL-UNNAMED --add-opens=java.base/sun.nio.fs=ALL-UNNAMED -Declipse.application=org.eclipse.jdt.ls.core.id1 -Dosgi.bundles.defaultStartLevel=4 -Declipse.product=org.eclipse.jdt.ls.core.product -Djava.import.generatesMetadataFilesAtProjectRoot=false -DDetectVMInstallationsJob.disabled=true -Dfile.encoding=utf8 -XX:+UseParallelGC -XX:GCTimeRatio=4 -XX:AdaptiveSizePolicyWeight=90 -Dsun.zip.disableMemoryMapping=true -Xmx2G -Xms100m -Xlog:disable -javaagent:c:\Users\Asus\.antigravity\extensions\redhat.java-1.54.0-win32-x64\lombok\lombok-1.18.39-4050.jar -XX:+HeapDumpOnOutOfMemoryError -XX:HeapDumpPath=c:\Users\Asus\AppData\Roaming\Antigravity\User\workspaceStorage\8759f5fb2e11d8697028232e83f5399e\redhat.java -Daether.dependencyCollector.impl=bf c:\Users\Asus\.antigravity\extensions\redhat.java-1.54.0-win32-x64\server\plugins\org.eclipse.equinox.launcher_1.7.100.v20251111-0406.jar -configuration c:\Users\Asus\AppData\Roaming\Antigravity\User\globalStorage\redhat.java\1.54.0\config_win -data c:\Users\Asus\AppData\Roaming\Antigravity\User\workspaceStorage\8759f5fb2e11d8697028232e83f5399e\redhat.java\jdt_ws --pipe=\\.\pipe\lsp-fd9cc044f16711f2947a87bb21e273c5-sock

Host: 13th Gen Intel(R) Core(TM) i5-1335U, 12 cores, 7G,  Windows 11 , 64 bit Build 26100 (10.0.26100.8246)
Time: Tue Apr 28 09:47:17 2026 Sri Lanka Standard Time elapsed time: 65855.661658 seconds (0d 18h 17m 35s)

---------------  T H R E A D  ---------------

Current thread (0x0000022365a78c10):  JavaThread "Attach Listener" daemon [_thread_in_vm, id=13160, stack(0x0000003b08100000,0x0000003b08200000) (1024K)]

Stack: [0x0000003b08100000,0x0000003b08200000]
Native frames: (J=compiled Java code, j=interpreted, Vv=VM code, C=native code)
V  [jvm.dll+0x6d7a39]
V  [jvm.dll+0x8b4b26]
V  [jvm.dll+0x8b70de]
V  [jvm.dll+0x8b77c3]
V  [jvm.dll+0x284346]
V  [jvm.dll+0xc1277]
V  [jvm.dll+0x6d82e9]
V  [jvm.dll+0x1334a6]
V  [jvm.dll+0x3f857e]
V  [jvm.dll+0x85f59d]
V  [jvm.dll+0x6d626d]
C  [ucrtbase.dll+0x37b0]
C  [KERNEL32.DLL+0x2e8d7]
C  [ntdll.dll+0x8c3fc]


---------------  P R O C E S S  ---------------

Threads class SMR info:
_java_thread_list=0x000002236eeb6f40, length=44, elements={
0x000002234580fe50, 0x0000022347c5dbd0, 0x0000022365a753a0, 0x0000022365a75da0,
0x0000022365a78c10, 0x0000022365a79670, 0x0000022365a7c0e0, 0x0000022365a7cf20,
0x0000022365ab6d70, 0x0000022365caa040, 0x0000022365dbe410, 0x000002236a6316b0,
0x000002236a685230, 0x000002236a81bef0, 0x000002236a81c930, 0x000002236a742d40,
0x000002236aae04c0, 0x000002236a727c00, 0x000002236a749660, 0x000002236a748fd0,
0x000002236a748940, 0x000002236a746870, 0x000002236b69d040, 0x000002236b69d6d0,
0x000002236b69dd60, 0x000002236b69e3f0, 0x000002236b69ea80, 0x000002236b69f110,
0x000002236b69f7a0, 0x000002236b69c320, 0x000002236b69c9b0, 0x000002236b6a2590,
0x000002236b69fe30, 0x000002236b6a1870, 0x000002236b6a1f00, 0x000002236b6a2c20,
0x000002236d72eff0, 0x000002236bfc0990, 0x000002236bfc1020, 0x000002236a747590,
0x000002236d728060, 0x000002236d72a130, 0x000002236d7286f0, 0x000002236bfc51c0
}

Java Threads: ( => current thread )
  0x000002234580fe50 JavaThread "main"                              [_thread_blocked, id=24240, stack(0x0000003b07a00000,0x0000003b07b00000) (1024K)]
  0x0000022347c5dbd0 JavaThread "Reference Handler"          daemon [_thread_blocked, id=14344, stack(0x0000003b07e00000,0x0000003b07f00000) (1024K)]
  0x0000022365a753a0 JavaThread "Finalizer"                  daemon [_thread_blocked, id=16280, stack(0x0000003b07f00000,0x0000003b08000000) (1024K)]
  0x0000022365a75da0 JavaThread "Signal Dispatcher"          daemon [_thread_blocked, id=14364, stack(0x0000003b08000000,0x0000003b08100000) (1024K)]
=>0x0000022365a78c10 JavaThread "Attach Listener"            daemon [_thread_in_vm, id=13160, stack(0x0000003b08100000,0x0000003b08200000) (1024K)]
  0x0000022365a79670 JavaThread "Service Thread"             daemon [_thread_blocked, id=14524, stack(0x0000003b08200000,0x0000003b08300000) (1024K)]
  0x0000022365a7c0e0 JavaThread "Monitor Deflation Thread"   daemon [_thread_blocked, id=9872, stack(0x0000003b08300000,0x0000003b08400000) (1024K)]
  0x0000022365a7cf20 JavaThread "C2 CompilerThread0"         daemon [_thread_blocked, id=19916, stack(0x0000003b08400000,0x0000003b08500000) (1024K)]
  0x0000022365ab6d70 JavaThread "C1 CompilerThread0"         daemon [_thread_blocked, id=2648, stack(0x0000003b08500000,0x0000003b08600000) (1024K)]
  0x0000022365caa040 JavaThread "Common-Cleaner"             daemon [_thread_blocked, id=24284, stack(0x0000003b08600000,0x0000003b08700000) (1024K)]
  0x0000022365dbe410 JavaThread "Notification Thread"        daemon [_thread_blocked, id=18600, stack(0x0000003b08800000,0x0000003b08900000) (1024K)]
  0x000002236a6316b0 JavaThread "Active Thread: Equinox Container: 89ecd54a-1b07-4d13-a54c-e01d0672ba78"        [_thread_blocked, id=10576, stack(0x0000003b09000000,0x0000003b09100000) (1024K)]
  0x000002236a685230 JavaThread "Refresh Thread: Equinox Container: 89ecd54a-1b07-4d13-a54c-e01d0672ba78" daemon [_thread_blocked, id=20364, stack(0x0000003b09100000,0x0000003b09200000) (1024K)]
  0x000002236a81bef0 JavaThread "Framework Event Dispatcher: Equinox Container: 89ecd54a-1b07-4d13-a54c-e01d0672ba78" daemon [_thread_blocked, id=17196, stack(0x0000003b09300000,0x0000003b09400000) (1024K)]
  0x000002236a81c930 JavaThread "Start Level: Equinox Container: 89ecd54a-1b07-4d13-a54c-e01d0672ba78" daemon [_thread_blocked, id=24136, stack(0x0000003b09400000,0x0000003b09500000) (1024K)]
  0x000002236a742d40 JavaThread "Bundle File Closer"         daemon [_thread_blocked, id=20768, stack(0x0000003b09600000,0x0000003b09700000) (1024K)]
  0x000002236aae04c0 JavaThread "SCR Component Actor"        daemon [_thread_blocked, id=25296, stack(0x0000003b08700000,0x0000003b08800000) (1024K)]
  0x000002236a727c00 JavaThread "Worker-JM"                         [_thread_blocked, id=14796, stack(0x0000003b09800000,0x0000003b09900000) (1024K)]
  0x000002236a749660 JavaThread "JNA Cleaner"                daemon [_thread_blocked, id=11168, stack(0x0000003b09a00000,0x0000003b09b00000) (1024K)]
  0x000002236a748fd0 JavaThread "Java indexing"              daemon [_thread_blocked, id=25608, stack(0x0000003b09c00000,0x0000003b09d00000) (1024K)]
  0x000002236a748940 JavaThread "Thread-1"                   daemon [_thread_in_native, id=19396, stack(0x0000003b0a300000,0x0000003b0a400000) (1024K)]
  0x000002236a746870 JavaThread "Thread-2"                   daemon [_thread_in_native, id=22596, stack(0x0000003b0a400000,0x0000003b0a500000) (1024K)]
  0x000002236b69d040 JavaThread "Thread-3"                   daemon [_thread_in_native, id=1536, stack(0x0000003b0a500000,0x0000003b0a600000) (1024K)]
  0x000002236b69d6d0 JavaThread "Thread-4"                   daemon [_thread_in_native, id=15440, stack(0x0000003b0a600000,0x0000003b0a700000) (1024K)]
  0x000002236b69dd60 JavaThread "Thread-5"                   daemon [_thread_in_native, id=15080, stack(0x0000003b0a700000,0x0000003b0a800000) (1024K)]
  0x000002236b69e3f0 JavaThread "Thread-6"                   daemon [_thread_in_native, id=9988, stack(0x0000003b0a800000,0x0000003b0a900000) (1024K)]
  0x000002236b69ea80 JavaThread "Thread-7"                   daemon [_thread_in_native, id=24152, stack(0x0000003b0a900000,0x0000003b0aa00000) (1024K)]
  0x000002236b69f110 JavaThread "Thread-8"                   daemon [_thread_in_native, id=22592, stack(0x0000003b0aa00000,0x0000003b0ab00000) (1024K)]
  0x000002236b69f7a0 JavaThread "Thread-9"                   daemon [_thread_in_native, id=8616, stack(0x0000003b0ab00000,0x0000003b0ac00000) (1024K)]
  0x000002236b69c320 JavaThread "Thread-10"                  daemon [_thread_in_native, id=8768, stack(0x0000003b0ac00000,0x0000003b0ad00000) (1024K)]
  0x000002236b69c9b0 JavaThread "Thread-11"                  daemon [_thread_in_native, id=1088, stack(0x0000003b0ad00000,0x0000003b0ae00000) (1024K)]
  0x000002236b6a2590 JavaThread "Thread-12"                  daemon [_thread_in_native, id=8676, stack(0x0000003b0ae00000,0x0000003b0af00000) (1024K)]
  0x000002236b69fe30 JavaThread "Thread-13"                  daemon [_thread_in_native, id=8316, stack(0x0000003b0af00000,0x0000003b0b000000) (1024K)]
  0x000002236b6a1870 JavaThread "pool-2-thread-1"                   [_thread_blocked, id=14120, stack(0x0000003b0b000000,0x0000003b0b100000) (1024K)]
  0x000002236b6a1f00 JavaThread "WorkspaceEventsHandler"            [_thread_blocked, id=18996, stack(0x0000003b0b100000,0x0000003b0b200000) (1024K)]
  0x000002236b6a2c20 JavaThread "pool-1-thread-1"                   [_thread_blocked, id=22812, stack(0x0000003b0b200000,0x0000003b0b300000) (1024K)]
  0x000002236d72eff0 JavaThread "Java Debug Server"          daemon [_thread_in_native, id=22736, stack(0x0000003b0c100000,0x0000003b0c200000) (1024K)]
  0x000002236bfc0990 JavaThread "RxSchedulerPurge-1"         daemon [_thread_blocked, id=19768, stack(0x0000003b0c300000,0x0000003b0c400000) (1024K)]
  0x000002236bfc1020 JavaThread "RxCachedWorkerPoolEvictor-1" daemon [_thread_blocked, id=21972, stack(0x0000003b0c400000,0x0000003b0c500000) (1024K)]
  0x000002236a747590 JavaThread "pool-4-thread-3"                   [_thread_in_native, id=24676, stack(0x0000003b07800000,0x0000003b07900000) (1024K)]
  0x000002236d728060 JavaThread "process reaper (pid 2800)"  daemon [_thread_in_native, id=23288, stack(0x0000003b07320000,0x0000003b07340000) (128K)]
  0x000002236d72a130 JavaThread "RxNewThreadScheduler-7"     daemon [_thread_blocked, id=26428, stack(0x0000003b09700000,0x0000003b09800000) (1024K)]
  0x000002236d7286f0 JavaThread "Worker-22"                         [_thread_blocked, id=23572, stack(0x0000003b07900000,0x0000003b07a00000) (1024K)]
  0x000002236bfc51c0 JavaThread "Worker-26"                         [_thread_blocked, id=12964, stack(0x0000003b07700000,0x0000003b07800000) (1024K)]
Total: 44

Other Threads:
  0x0000022347c42f80 VMThread "VM Thread"                           [id=24344, stack(0x0000003b07d00000,0x0000003b07e00000) (1024K)] _threads_hazard_ptr=0x000002236eeb6f40
  0x0000022347b3ca00 WatcherThread "VM Periodic Task Thread"        [id=21120, stack(0x0000003b07c00000,0x0000003b07d00000) (1024K)]
  0x0000022347cca480 WorkerThread "GC Thread#0"                     [id=12776, stack(0x0000003b07b00000,0x0000003b07c00000) (1024K)]
  0x000002236a260cc0 WorkerThread "GC Thread#1"                     [id=26436, stack(0x0000003b08a00000,0x0000003b08b00000) (1024K)]
  0x000002236a25f6a0 WorkerThread "GC Thread#2"                     [id=26156, stack(0x0000003b08b00000,0x0000003b08c00000) (1024K)]
  0x000002236a261070 WorkerThread "GC Thread#3"                     [id=5048, stack(0x0000003b08c00000,0x0000003b08d00000) (1024K)]
  0x000002236a25fa50 WorkerThread "GC Thread#4"                     [id=22904, stack(0x0000003b08d00000,0x0000003b08e00000) (1024K)]
  0x000002236a25fe00 WorkerThread "GC Thread#5"                     [id=25276, stack(0x0000003b08e00000,0x0000003b08f00000) (1024K)]
  0x000002236a2601b0 WorkerThread "GC Thread#6"                     [id=6344, stack(0x0000003b08f00000,0x0000003b09000000) (1024K)]
  0x000002236a260910 WorkerThread "GC Thread#7"                     [id=13024, stack(0x0000003b09200000,0x0000003b09300000) (1024K)]
  0x000002236ad1b090 WorkerThread "GC Thread#8"                     [id=20780, stack(0x0000003b08900000,0x0000003b08a00000) (1024K)]
  0x000002236ad1b7f0 WorkerThread "GC Thread#9"                     [id=14016, stack(0x0000003b09500000,0x0000003b09600000) (1024K)]
Total: 12

Threads with active compile tasks:
Total: 0

VM state: not at safepoint (normal execution)

VM Mutex/Monitor currently owned by a thread: None

Heap address: 0x0000000080000000, size: 2048 MB, Compressed Oops mode: 32-bit

CDS archive(s) mapped at: [0x0000022300000000-0x0000022300c80000-0x0000022300c80000), size 13107200, SharedBaseAddress: 0x0000022300000000, ArchiveRelocationMode: 1.
Compressed class space mapped at: 0x0000022301000000-0x0000022341000000, reserved size: 1073741824
Narrow klass base: 0x0000022300000000, Narrow klass shift: 0, Narrow klass range: 0x100000000

GC Precious Log:
 CardTable entry size: 512
 CPUs: 12 total, 12 available
 Memory: 7809M
 Large Page Support: Disabled
 NUMA Support: Disabled
 Compressed Oops: Enabled (32-bit)
 Alignments: Space 512K, Generation 512K, Heap 2M
 Heap Min Capacity: 100M
 Heap Initial Capacity: 100M
 Heap Max Capacity: 2G
 Pre-touch: Disabled
 Parallel Workers: 10

Heap:
 PSYoungGen      total 2560K, used 1550K [0x00000000d5580000, 0x00000000d5a80000, 0x0000000100000000)
  eden space 2048K, 74% used [0x00000000d5580000,0x00000000d56fb938,0x00000000d5780000)
  from space 512K, 6% used [0x00000000d5980000,0x00000000d5988000,0x00000000d5a00000)
  to   space 512K, 0% used [0x00000000d5a00000,0x00000000d5a00000,0x00000000d5a80000)
 ParOldGen       total 1331712K, used 1330764K [0x0000000080000000, 0x00000000d1480000, 0x00000000d5580000)
  object space 1331712K, 99% used [0x0000000080000000,0x00000000d1393260,0x00000000d1480000)
 Metaspace       used 81188K, committed 82816K, reserved 1179648K
  class space    used 8243K, committed 9152K, reserved 1048576K

Card table byte_map: [0x0000022347650000,0x0000022347a60000] _byte_map_base: 0x0000022347250000

Marking Bits: (ParMarkBitMap*) 0x00007ffa1aae3450
 Begin Bits: [0x000002235f670000, 0x0000022361670000)
 End Bits:   [0x0000022361670000, 0x0000022363670000)

Polling page: 0x0000022345ce0000

Metaspace:

Usage:
  Non-class:     71.24 MB used.
      Class:      8.05 MB used.
       Both:     79.29 MB used.

Virtual space:
  Non-class space:      128.00 MB reserved,      71.94 MB ( 56%) committed,  2 nodes.
      Class space:        1.00 GB reserved,       8.94 MB ( <1%) committed,  1 nodes.
             Both:        1.12 GB reserved,      80.88 MB (  7%) committed. 

Chunk freelists:
   Non-Class:  7.34 MB
       Class:  7.20 MB
        Both:  14.54 MB

MaxMetaspaceSize: unlimited
CompressedClassSpaceSize: 1.00 GB
Initial GC threshold: 21.00 MB
Current GC threshold: 133.12 MB
CDS: on
 - commit_granule_bytes: 65536.
 - commit_granule_words: 8192.
 - virtual_space_node_default_size: 8388608.
 - enlarge_chunks_in_place: 1.
 - use_allocation_guard: 0.


Internal statistics:

num_allocs_failed_limit: 9.
num_arena_births: 1510.
num_arena_deaths: 468.
num_vsnodes_births: 3.
num_vsnodes_deaths: 0.
num_space_committed: 1294.
num_space_uncommitted: 0.
num_chunks_returned_to_freelist: 550.
num_chunks_taken_from_freelist: 5376.
num_chunk_merges: 151.
num_chunk_splits: 3170.
num_chunks_enlarged: 1784.
num_inconsistent_stats: 0.

CodeHeap 'non-profiled nmethods': size=120000Kb used=13413Kb max_used=13413Kb free=106586Kb
 bounds [0x0000022357e90000, 0x0000022358bb0000, 0x000002235f3c0000]
CodeHeap 'profiled nmethods': size=120000Kb used=31891Kb max_used=36060Kb free=88108Kb
 bounds [0x00000223503c0000, 0x0000022352700000, 0x00000223578f0000]
CodeHeap 'non-nmethods': size=5760Kb used=1506Kb max_used=1597Kb free=4253Kb
 bounds [0x00000223578f0000, 0x0000022357b60000, 0x0000022357e90000]
CodeCache: size=245760Kb, used=46810Kb, max_used=51070Kb, free=198947Kb
 total_blobs=14893, nmethods=14070, adapters=727, full_count=0
Compilation: enabled, stopped_count=0, restarted_count=0

Compilation events (20 events):
Event: 36515.509 Thread 0x0000022365ab6d70 18559       3       java.util.concurrent.ConcurrentHashMap::getOrDefault (16 bytes)
Event: 36515.518 Thread 0x0000022365ab6d70 nmethod 18559 0x0000022351a1c010 code [0x0000022351a1c1c0, 0x0000022351a1c3d8]
Event: 36515.538 Thread 0x0000022365ab6d70 18560       3       jdk.internal.loader.BuiltinClassLoader::findResources (182 bytes)
Event: 36515.557 Thread 0x0000022365ab6d70 nmethod 18560 0x00000223504a3210 code [0x00000223504a3640, 0x00000223504a56c8]
Event: 36515.569 Thread 0x0000022365ab6d70 18561       3       org.eclipse.core.internal.dtree.DataTreeWriter::writeNode (182 bytes)
Event: 36515.593 Thread 0x0000022365ab6d70 nmethod 18561 0x0000022351bb9110 code [0x0000022351bb93e0, 0x0000022351bba0c0]
Event: 36515.787 Thread 0x0000022365a7cf20 18562       4       org.eclipse.jdt.internal.core.builder.NameEnvironment::collectModuleEntries (351 bytes)
Event: 36516.079 Thread 0x0000022365ab6d70 18563       1       jdk.internal.math.FormattedFPDecimal::getMantissa (5 bytes)
Event: 36516.080 Thread 0x0000022365ab6d70 nmethod 18563 0x0000022358ba4d90 code [0x0000022358ba4f20, 0x0000022358ba4fe8]
Event: 36516.086 Thread 0x0000022365ab6d70 18564       3       org.eclipse.core.internal.resources.MarkerManager::getChangeId (8 bytes)
Event: 36516.087 Thread 0x0000022365ab6d70 nmethod 18564 0x0000022351cdb090 code [0x0000022351cdb220, 0x0000022351cdb358]
Event: 36516.087 Thread 0x0000022365ab6d70 18565   !   3       java.lang.Object::wait (50 bytes)
Event: 36516.092 Thread 0x0000022365ab6d70 nmethod 18565 0x0000022351f3c510 code [0x0000022351f3c720, 0x0000022351f3cc88]
Event: 36516.131 Thread 0x0000022365a7cf20 nmethod 18562 0x0000022358ba5090 code [0x0000022358ba5440, 0x0000022358ba74f8]
Event: 36520.952 Thread 0x0000022365ab6d70 18566       3       jdk.internal.misc.Unsafe::freeMemory (18 bytes)
Event: 36520.953 Thread 0x0000022365ab6d70 nmethod 18566 0x0000022351815f90 code [0x0000022351816160, 0x0000022351816440]
Event: 56607.145 Thread 0x0000022365ab6d70 18567 % !   3       java.util.concurrent.ThreadPoolExecutor::runWorker @ 21 (187 bytes)
Event: 56607.389 Thread 0x0000022365ab6d70 nmethod 18567% 0x0000022351678490 code [0x00000223516787e0, 0x0000022351679de0]
Event: 65495.618 Thread 0x0000022365a7cf20 18568       4       java.util.concurrent.ThreadPoolExecutor$Worker::tryRelease (12 bytes)
Event: 65495.646 Thread 0x0000022365a7cf20 nmethod 18568 0x0000022358ba9390 code [0x0000022358ba9520, 0x0000022358ba95b8]

GC Heap History (20 events):
Event: 36247.730 GC heap before
{Heap before GC invocations=1112 (full 5):
 PSYoungGen      total 1536K, used 1376K [0x00000000d5580000, 0x00000000d5d00000, 0x0000000100000000)
  eden space 1024K, 100% used [0x00000000d5580000,0x00000000d5680000,0x00000000d5680000)
  from space 512K, 68% used [0x00000000d5680000,0x00000000d56d8000,0x00000000d5700000)
  to   space 2560K, 0% used [0x00000000d5a80000,0x00000000d5a80000,0x00000000d5d00000)
 ParOldGen       total 1299456K, used 1299132K [0x0000000080000000, 0x00000000cf500000, 0x00000000d5580000)
  object space 1299456K, 99% used [0x0000000080000000,0x00000000cf4af100,0x00000000cf500000)
 Metaspace       used 81176K, committed 82816K, reserved 1179648K
  class space    used 8243K, committed 9152K, reserved 1048576K
}
Event: 36247.733 GC heap after
{Heap after GC invocations=1112 (full 5):
 PSYoungGen      total 2048K, used 288K [0x00000000d5580000, 0x00000000d5b00000, 0x0000000100000000)
  eden space 1536K, 0% used [0x00000000d5580000,0x00000000d5580000,0x00000000d5700000)
  from space 512K, 56% used [0x00000000d5a80000,0x00000000d5ac8000,0x00000000d5b00000)
  to   space 1024K, 0% used [0x00000000d5900000,0x00000000d5900000,0x00000000d5a00000)
 ParOldGen       total 1299456K, used 1299332K [0x0000000080000000, 0x00000000cf500000, 0x00000000d5580000)
  object space 1299456K, 99% used [0x0000000080000000,0x00000000cf4e1100,0x00000000cf500000)
 Metaspace       used 81176K, committed 82816K, reserved 1179648K
  class space    used 8243K, committed 9152K, reserved 1048576K
}
Event: 36247.775 GC heap before
{Heap before GC invocations=1113 (full 5):
 PSYoungGen      total 2048K, used 1824K [0x00000000d5580000, 0x00000000d5b00000, 0x0000000100000000)
  eden space 1536K, 100% used [0x00000000d5580000,0x00000000d5700000,0x00000000d5700000)
  from space 512K, 56% used [0x00000000d5a80000,0x00000000d5ac8000,0x00000000d5b00000)
  to   space 1024K, 0% used [0x00000000d5900000,0x00000000d5900000,0x00000000d5a00000)
 ParOldGen       total 1299456K, used 1299332K [0x0000000080000000, 0x00000000cf500000, 0x00000000d5580000)
  object space 1299456K, 99% used [0x0000000080000000,0x00000000cf4e1100,0x00000000cf500000)
 Metaspace       used 81178K, committed 82816K, reserved 1179648K
  class space    used 8243K, committed 9152K, reserved 1048576K
}
Event: 36247.781 GC heap after
{Heap after GC invocations=1113 (full 5):
 PSYoungGen      total 3072K, used 480K [0x00000000d5580000, 0x00000000d5b00000, 0x0000000100000000)
  eden space 2048K, 0% used [0x00000000d5580000,0x00000000d5580000,0x00000000d5780000)
  from space 1024K, 46% used [0x00000000d5900000,0x00000000d5978000,0x00000000d5a00000)
  to   space 1024K, 0% used [0x00000000d5a00000,0x00000000d5a00000,0x00000000d5b00000)
 ParOldGen       total 1299968K, used 1299468K [0x0000000080000000, 0x00000000cf580000, 0x00000000d5580000)
  object space 1299968K, 99% used [0x0000000080000000,0x00000000cf503100,0x00000000cf580000)
 Metaspace       used 81178K, committed 82816K, reserved 1179648K
  class space    used 8243K, committed 9152K, reserved 1048576K
}
Event: 36247.849 GC heap before
{Heap before GC invocations=1114 (full 5):
 PSYoungGen      total 3072K, used 2528K [0x00000000d5580000, 0x00000000d5b00000, 0x0000000100000000)
  eden space 2048K, 100% used [0x00000000d5580000,0x00000000d5780000,0x00000000d5780000)
  from space 1024K, 46% used [0x00000000d5900000,0x00000000d5978000,0x00000000d5a00000)
  to   space 1024K, 0% used [0x00000000d5a00000,0x00000000d5a00000,0x00000000d5b00000)
 ParOldGen       total 1331712K, used 1330188K [0x0000000080000000, 0x00000000d1480000, 0x00000000d5580000)
  object space 1331712K, 99% used [0x0000000080000000,0x00000000d1303130,0x00000000d1480000)
 Metaspace       used 81184K, committed 82816K, reserved 1179648K
  class space    used 8243K, committed 9152K, reserved 1048576K
}
Event: 36247.852 GC heap after
{Heap after GC invocations=1114 (full 5):
 PSYoungGen      total 2560K, used 288K [0x00000000d5580000, 0x00000000d5a80000, 0x0000000100000000)
  eden space 2048K, 0% used [0x00000000d5580000,0x00000000d5580000,0x00000000d5780000)
  from space 512K, 56% used [0x00000000d5a00000,0x00000000d5a48000,0x00000000d5a80000)
  to   space 512K, 0% used [0x00000000d5980000,0x00000000d5980000,0x00000000d5a00000)
 ParOldGen       total 1331712K, used 1330500K [0x0000000080000000, 0x00000000d1480000, 0x00000000d5580000)
  object space 1331712K, 99% used [0x0000000080000000,0x00000000d1351260,0x00000000d1480000)
 Metaspace       used 81184K, committed 82816K, reserved 1179648K
  class space    used 8243K, committed 9152K, reserved 1048576K
}
Event: 36515.840 GC heap before
{Heap before GC invocations=1115 (full 5):
 PSYoungGen      total 2560K, used 2336K [0x00000000d5580000, 0x00000000d5a80000, 0x0000000100000000)
  eden space 2048K, 100% used [0x00000000d5580000,0x00000000d5780000,0x00000000d5780000)
  from space 512K, 56% used [0x00000000d5a00000,0x00000000d5a48000,0x00000000d5a80000)
  to   space 512K, 0% used [0x00000000d5980000,0x00000000d5980000,0x00000000d5a00000)
 ParOldGen       total 1331712K, used 1330500K [0x0000000080000000, 0x00000000d1480000, 0x00000000d5580000)
  object space 1331712K, 99% used [0x0000000080000000,0x00000000d1351260,0x00000000d1480000)
 Metaspace       used 81188K, committed 82816K, reserved 1179648K
  class space    used 8243K, committed 9152K, reserved 1048576K
}
Event: 36516.041 GC heap after
{Heap after GC invocations=1115 (full 5):
 PSYoungGen      total 2560K, used 288K [0x00000000d5580000, 0x00000000d5a80000, 0x0000000100000000)
  eden space 2048K, 0% used [0x00000000d5580000,0x00000000d5580000,0x00000000d5780000)
  from space 512K, 56% used [0x00000000d5980000,0x00000000d59c8000,0x00000000d5a00000)
  to   space 512K, 0% used [0x00000000d5a00000,0x00000000d5a00000,0x00000000d5a80000)
 ParOldGen       total 1331712K, used 1330548K [0x0000000080000000, 0x00000000d1480000, 0x00000000d5580000)
  object space 1331712K, 99% used [0x0000000080000000,0x00000000d135d260,0x00000000d1480000)
 Metaspace       used 81188K, committed 82816K, reserved 1179648K
  class space    used 8243K, committed 9152K, reserved 1048576K
}
Event: 38803.666 GC heap before
{Heap before GC invocations=1116 (full 5):
 PSYoungGen      total 2560K, used 2336K [0x00000000d5580000, 0x00000000d5a80000, 0x0000000100000000)
  eden space 2048K, 100% used [0x00000000d5580000,0x00000000d5780000,0x00000000d5780000)
  from space 512K, 56% used [0x00000000d5980000,0x00000000d59c8000,0x00000000d5a00000)
  to   space 512K, 0% used [0x00000000d5a00000,0x00000000d5a00000,0x00000000d5a80000)
 ParOldGen       total 1331712K, used 1330548K [0x0000000080000000, 0x00000000d1480000, 0x00000000d5580000)
  object space 1331712K, 99% used [0x0000000080000000,0x00000000d135d260,0x00000000d1480000)
 Metaspace       used 81188K, committed 82816K, reserved 1179648K
  class space    used 8243K, committed 9152K, reserved 1048576K
}
Event: 38803.776 GC heap after
{Heap after GC invocations=1116 (full 5):
 PSYoungGen      total 2560K, used 192K [0x00000000d5580000, 0x00000000d5a80000, 0x0000000100000000)
  eden space 2048K, 0% used [0x00000000d5580000,0x00000000d5580000,0x00000000d5780000)
  from space 512K, 37% used [0x00000000d5a00000,0x00000000d5a30000,0x00000000d5a80000)
  to   space 512K, 0% used [0x00000000d5980000,0x00000000d5980000,0x00000000d5a00000)
 ParOldGen       total 1331712K, used 1330628K [0x0000000080000000, 0x00000000d1480000, 0x00000000d5580000)
  object space 1331712K, 99% used [0x0000000080000000,0x00000000d1371260,0x00000000d1480000)
 Metaspace       used 81188K, committed 82816K, reserved 1179648K
  class space    used 8243K, committed 9152K, reserved 1048576K
}
Event: 56605.709 GC heap before
{Heap before GC invocations=1117 (full 5):
 PSYoungGen      total 2560K, used 2240K [0x00000000d5580000, 0x00000000d5a80000, 0x0000000100000000)
  eden space 2048K, 100% used [0x00000000d5580000,0x00000000d5780000,0x00000000d5780000)
  from space 512K, 37% used [0x00000000d5a00000,0x00000000d5a30000,0x00000000d5a80000)
  to   space 512K, 0% used [0x00000000d5980000,0x00000000d5980000,0x00000000d5a00000)
 ParOldGen       total 1331712K, used 1330628K [0x0000000080000000, 0x00000000d1480000, 0x00000000d5580000)
  object space 1331712K, 99% used [0x0000000080000000,0x00000000d1371260,0x00000000d1480000)
 Metaspace       used 81188K, committed 82816K, reserved 1179648K
  class space    used 8243K, committed 9152K, reserved 1048576K
}
Event: 56607.015 GC heap after
{Heap after GC invocations=1117 (full 5):
 PSYoungGen      total 2560K, used 160K [0x00000000d5580000, 0x00000000d5a80000, 0x0000000100000000)
  eden space 2048K, 0% used [0x00000000d5580000,0x00000000d5580000,0x00000000d5780000)
  from space 512K, 31% used [0x00000000d5980000,0x00000000d59a8000,0x00000000d5a00000)
  to   space 512K, 0% used [0x00000000d5a00000,0x00000000d5a00000,0x00000000d5a80000)
 ParOldGen       total 1331712K, used 1330668K [0x0000000080000000, 0x00000000d1480000, 0x00000000d5580000)
  object space 1331712K, 99% used [0x0000000080000000,0x00000000d137b260,0x00000000d1480000)
 Metaspace       used 81188K, committed 82816K, reserved 1179648K
  class space    used 8243K, committed 9152K, reserved 1048576K
}
Event: 56607.063 GC heap before
{Heap before GC invocations=1118 (full 5):
 PSYoungGen      total 2560K, used 2208K [0x00000000d5580000, 0x00000000d5a80000, 0x0000000100000000)
  eden space 2048K, 100% used [0x00000000d5580000,0x00000000d5780000,0x00000000d5780000)
  from space 512K, 31% used [0x00000000d5980000,0x00000000d59a8000,0x00000000d5a00000)
  to   space 512K, 0% used [0x00000000d5a00000,0x00000000d5a00000,0x00000000d5a80000)
 ParOldGen       total 1331712K, used 1330668K [0x0000000080000000, 0x00000000d1480000, 0x00000000d5580000)
  object space 1331712K, 99% used [0x0000000080000000,0x00000000d137b260,0x00000000d1480000)
 Metaspace       used 81188K, committed 82816K, reserved 1179648K
  class space    used 8243K, committed 9152K, reserved 1048576K
}
Event: 56607.067 GC heap after
{Heap after GC invocations=1118 (full 5):
 PSYoungGen      total 2560K, used 32K [0x00000000d5580000, 0x00000000d5a80000, 0x0000000100000000)
  eden space 2048K, 0% used [0x00000000d5580000,0x00000000d5580000,0x00000000d5780000)
  from space 512K, 6% used [0x00000000d5a00000,0x00000000d5a08000,0x00000000d5a80000)
  to   space 512K, 0% used [0x00000000d5980000,0x00000000d5980000,0x00000000d5a00000)
 ParOldGen       total 1331712K, used 1330724K [0x0000000080000000, 0x00000000d1480000, 0x00000000d5580000)
  object space 1331712K, 99% used [0x0000000080000000,0x00000000d1389260,0x00000000d1480000)
 Metaspace       used 81188K, committed 82816K, reserved 1179648K
  class space    used 8243K, committed 9152K, reserved 1048576K
}
Event: 56607.099 GC heap before
{Heap before GC invocations=1119 (full 5):
 PSYoungGen      total 2560K, used 2080K [0x00000000d5580000, 0x00000000d5a80000, 0x0000000100000000)
  eden space 2048K, 100% used [0x00000000d5580000,0x00000000d5780000,0x00000000d5780000)
  from space 512K, 6% used [0x00000000d5a00000,0x00000000d5a08000,0x00000000d5a80000)
  to   space 512K, 0% used [0x00000000d5980000,0x00000000d5980000,0x00000000d5a00000)
 ParOldGen       total 1331712K, used 1330724K [0x0000000080000000, 0x00000000d1480000, 0x00000000d5580000)
  object space 1331712K, 99% used [0x0000000080000000,0x00000000d1389260,0x00000000d1480000)
 Metaspace       used 81188K, committed 82816K, reserved 1179648K
  class space    used 8243K, committed 9152K, reserved 1048576K
}
Event: 56607.101 GC heap after
{Heap after GC invocations=1119 (full 5):
 PSYoungGen      total 2560K, used 32K [0x00000000d5580000, 0x00000000d5a80000, 0x0000000100000000)
  eden space 2048K, 0% used [0x00000000d5580000,0x00000000d5580000,0x00000000d5780000)
  from space 512K, 6% used [0x00000000d5980000,0x00000000d5988000,0x00000000d5a00000)
  to   space 512K, 0% used [0x00000000d5a00000,0x00000000d5a00000,0x00000000d5a80000)
 ParOldGen       total 1331712K, used 1330724K [0x0000000080000000, 0x00000000d1480000, 0x00000000d5580000)
  object space 1331712K, 99% used [0x0000000080000000,0x00000000d1389260,0x00000000d1480000)
 Metaspace       used 81188K, committed 82816K, reserved 1179648K
  class space    used 8243K, committed 9152K, reserved 1048576K
}
Event: 65494.774 GC heap before
{Heap before GC invocations=1120 (full 5):
 PSYoungGen      total 2560K, used 2080K [0x00000000d5580000, 0x00000000d5a80000, 0x0000000100000000)
  eden space 2048K, 100% used [0x00000000d5580000,0x00000000d5780000,0x00000000d5780000)
  from space 512K, 6% used [0x00000000d5980000,0x00000000d5988000,0x00000000d5a00000)
  to   space 512K, 0% used [0x00000000d5a00000,0x00000000d5a00000,0x00000000d5a80000)
 ParOldGen       total 1331712K, used 1330724K [0x0000000080000000, 0x00000000d1480000, 0x00000000d5580000)
  object space 1331712K, 99% used [0x0000000080000000,0x00000000d1389260,0x00000000d1480000)
 Metaspace       used 81188K, committed 82816K, reserved 1179648K
  class space    used 8243K, committed 9152K, reserved 1048576K
}
Event: 65495.614 GC heap after
{Heap after GC invocations=1120 (full 5):
 PSYoungGen      total 2560K, used 224K [0x00000000d5580000, 0x00000000d5a80000, 0x0000000100000000)
  eden space 2048K, 0% used [0x00000000d5580000,0x00000000d5580000,0x00000000d5780000)
  from space 512K, 43% used [0x00000000d5a00000,0x00000000d5a38000,0x00000000d5a80000)
  to   space 512K, 0% used [0x00000000d5980000,0x00000000d5980000,0x00000000d5a00000)
 ParOldGen       total 1331712K, used 1330724K [0x0000000080000000, 0x00000000d1480000, 0x00000000d5580000)
  object space 1331712K, 99% used [0x0000000080000000,0x00000000d1389260,0x00000000d1480000)
 Metaspace       used 81188K, committed 82816K, reserved 1179648K
  class space    used 8243K, committed 9152K, reserved 1048576K
}
Event: 65495.718 GC heap before
{Heap before GC invocations=1121 (full 5):
 PSYoungGen      total 2560K, used 2272K [0x00000000d5580000, 0x00000000d5a80000, 0x0000000100000000)
  eden space 2048K, 100% used [0x00000000d5580000,0x00000000d5780000,0x00000000d5780000)
  from space 512K, 43% used [0x00000000d5a00000,0x00000000d5a38000,0x00000000d5a80000)
  to   space 512K, 0% used [0x00000000d5980000,0x00000000d5980000,0x00000000d5a00000)
 ParOldGen       total 1331712K, used 1330724K [0x0000000080000000, 0x00000000d1480000, 0x00000000d5580000)
  object space 1331712K, 99% used [0x0000000080000000,0x00000000d1389260,0x00000000d1480000)
 Metaspace       used 81188K, committed 82816K, reserved 1179648K
  class space    used 8243K, committed 9152K, reserved 1048576K
}
Event: 65495.720 GC heap after
{Heap after GC invocations=1121 (full 5):
 PSYoungGen      total 2560K, used 32K [0x00000000d5580000, 0x00000000d5a80000, 0x0000000100000000)
  eden space 2048K, 0% used [0x00000000d5580000,0x00000000d5580000,0x00000000d5780000)
  from space 512K, 6% used [0x00000000d5980000,0x00000000d5988000,0x00000000d5a00000)
  to   space 512K, 0% used [0x00000000d5a00000,0x00000000d5a00000,0x00000000d5a80000)
 ParOldGen       total 1331712K, used 1330764K [0x0000000080000000, 0x00000000d1480000, 0x00000000d5580000)
  object space 1331712K, 99% used [0x0000000080000000,0x00000000d1393260,0x00000000d1480000)
 Metaspace       used 81188K, committed 82816K, reserved 1179648K
  class space    used 8243K, committed 9152K, reserved 1048576K
}

Dll operation events (13 events):
Event: 0.024 Loaded shared library C:\Program Files\Eclipse Adoptium\jdk-21.0.10.7-hotspot\bin\java.dll
Event: 0.076 Loaded shared library C:\Program Files\Eclipse Adoptium\jdk-21.0.10.7-hotspot\bin\jsvml.dll
Event: 0.168 Loaded shared library C:\Program Files\Eclipse Adoptium\jdk-21.0.10.7-hotspot\bin\zip.dll
Event: 0.174 Loaded shared library C:\Program Files\Eclipse Adoptium\jdk-21.0.10.7-hotspot\bin\instrument.dll
Event: 0.182 Loaded shared library C:\Program Files\Eclipse Adoptium\jdk-21.0.10.7-hotspot\bin\net.dll
Event: 0.187 Loaded shared library C:\Program Files\Eclipse Adoptium\jdk-21.0.10.7-hotspot\bin\nio.dll
Event: 0.206 Loaded shared library C:\Program Files\Eclipse Adoptium\jdk-21.0.10.7-hotspot\bin\zip.dll
Event: 0.235 Loaded shared library C:\Program Files\Eclipse Adoptium\jdk-21.0.10.7-hotspot\bin\jimage.dll
Event: 0.354 Loaded shared library C:\Program Files\Eclipse Adoptium\jdk-21.0.10.7-hotspot\bin\verify.dll
Event: 1.823 Loaded shared library C:\Users\Asus\AppData\Roaming\Antigravity\User\globalStorage\redhat.java\1.54.0\config_win\org.eclipse.equinox.launcher\org.eclipse.equinox.launcher.win32.win32.x86_64_1.3.0.v20260203-2149\eclipse_11919.dll
Event: 5.429 Loaded shared library C:\Users\Asus\AppData\Local\Temp\jna-2050672\jna9338128743373126675.dll
Event: 7.336 Loaded shared library C:\Program Files\Eclipse Adoptium\jdk-21.0.10.7-hotspot\bin\sunmscapi.dll
Event: 7.498 Loaded shared library C:\Program Files\Eclipse Adoptium\jdk-21.0.10.7-hotspot\bin\extnet.dll

Deoptimization events (20 events):
Event: 36238.381 Thread 0x000002236d72a7c0 DEOPT PACKING pc=0x0000022358adc150 sp=0x0000003b09dfdea0
Event: 36238.381 Thread 0x000002236d72a7c0 DEOPT UNPACKING pc=0x0000022357943aa2 sp=0x0000003b09dfde18 mode 2
Event: 36239.579 Thread 0x000002236a748fd0 Uncommon trap: trap_request=0xffffff6e fr.pc=0x0000022358ab7f28 relative=0x0000000000000468
Event: 36239.579 Thread 0x000002236a748fd0 Uncommon trap: reason=loop_limit_check action=maybe_recompile pc=0x0000022358ab7f28 method=org.eclipse.jdt.internal.core.util.CommentRecorderParser.pushOnCommentsStack(II)V @ 226 c2
Event: 36239.579 Thread 0x000002236a748fd0 DEOPT PACKING pc=0x0000022358ab7f28 sp=0x0000003b09cfeb50
Event: 36239.589 Thread 0x000002236a748fd0 DEOPT UNPACKING pc=0x0000022357943aa2 sp=0x0000003b09cfeac0 mode 2
Event: 36239.993 Thread 0x000002236a748fd0 Uncommon trap: trap_request=0xffffffc6 fr.pc=0x0000022358002da0 relative=0x0000000000000380
Event: 36239.993 Thread 0x000002236a748fd0 Uncommon trap: reason=bimorphic_or_optimized_type_check action=maybe_recompile pc=0x0000022358002da0 method=org.eclipse.jdt.internal.compiler.lookup.ParameterizedTypeBinding.isEquivalentTo(Lorg/eclipse/jdt/internal/compiler/lookup/TypeBinding;)Z @ 17 c2
Event: 36239.993 Thread 0x000002236a748fd0 DEOPT PACKING pc=0x0000022358002da0 sp=0x0000003b09cfe350
Event: 36239.993 Thread 0x000002236a748fd0 DEOPT UNPACKING pc=0x0000022357943aa2 sp=0x0000003b09cfe2d0 mode 2
Event: 36239.993 Thread 0x000002236a748fd0 Uncommon trap: trap_request=0xffffffc6 fr.pc=0x0000022358002da0 relative=0x0000000000000380
Event: 36239.993 Thread 0x000002236a748fd0 Uncommon trap: reason=bimorphic_or_optimized_type_check action=maybe_recompile pc=0x0000022358002da0 method=org.eclipse.jdt.internal.compiler.lookup.ParameterizedTypeBinding.isEquivalentTo(Lorg/eclipse/jdt/internal/compiler/lookup/TypeBinding;)Z @ 17 c2
Event: 36239.993 Thread 0x000002236a748fd0 DEOPT PACKING pc=0x0000022358002da0 sp=0x0000003b09cfe310
Event: 36239.993 Thread 0x000002236a748fd0 DEOPT UNPACKING pc=0x0000022357943aa2 sp=0x0000003b09cfe290 mode 2
Event: 36247.729 Thread 0x000002236d72a7c0 Uncommon trap: trap_request=0xffffff6e fr.pc=0x0000022358ba0464 relative=0x0000000000000944
Event: 36247.729 Thread 0x000002236d72a7c0 Uncommon trap: reason=loop_limit_check action=maybe_recompile pc=0x0000022358ba0464 method=org.eclipse.jdt.internal.compiler.parser.Parser.constructTypeReference(I)Lorg/eclipse/jdt/internal/compiler/ast/TypeReference; @ 546 c2
Event: 36247.729 Thread 0x000002236d72a7c0 DEOPT PACKING pc=0x0000022358ba0464 sp=0x0000003b09dfe760
Event: 36247.729 Thread 0x000002236d72a7c0 DEOPT UNPACKING pc=0x0000022357943aa2 sp=0x0000003b09dfe710 mode 2
Event: 36247.766 Thread 0x000002236a748fd0 DEOPT PACKING pc=0x0000022350f9348e sp=0x0000003b09cfef60
Event: 36247.766 Thread 0x000002236a748fd0 DEOPT UNPACKING pc=0x0000022357944242 sp=0x0000003b09cfe400 mode 0

Classes loaded (20 events):
Event: 12807.490 Loading class jdk/internal/module/IllegalAccessLogger
Event: 12807.490 Loading class jdk/internal/module/IllegalAccessLogger done
Event: 34683.061 Loading class jdk/internal/module/IllegalAccessLogger
Event: 34683.062 Loading class jdk/internal/module/IllegalAccessLogger done
Event: 34683.343 Loading class java/util/ArrayDeque$DeqSpliterator
Event: 34683.355 Loading class java/util/ArrayDeque$DeqSpliterator done
Event: 34692.140 Loading class jdk/internal/module/IllegalAccessLogger
Event: 34692.140 Loading class jdk/internal/module/IllegalAccessLogger done
Event: 34710.808 Loading class jdk/internal/module/IllegalAccessLogger
Event: 34710.808 Loading class jdk/internal/module/IllegalAccessLogger done
Event: 36216.568 Loading class jdk/internal/module/IllegalAccessLogger
Event: 36216.571 Loading class jdk/internal/module/IllegalAccessLogger done
Event: 36221.177 Loading class jdk/internal/module/IllegalAccessLogger
Event: 36221.177 Loading class jdk/internal/module/IllegalAccessLogger done
Event: 36228.078 Loading class jdk/internal/module/IllegalAccessLogger
Event: 36228.078 Loading class jdk/internal/module/IllegalAccessLogger done
Event: 36238.259 Loading class jdk/internal/module/IllegalAccessLogger
Event: 36238.259 Loading class jdk/internal/module/IllegalAccessLogger done
Event: 36247.728 Loading class jdk/internal/module/IllegalAccessLogger
Event: 36247.728 Loading class jdk/internal/module/IllegalAccessLogger done

Classes unloaded (20 events):
Event: 8926.066 Thread 0x0000022347c42f80 Unloading class 0x000002230100cc00 'java/lang/invoke/LambdaForm$MH+0x000002230100cc00'
Event: 8926.066 Thread 0x0000022347c42f80 Unloading class 0x000002230100c800 'java/lang/invoke/LambdaForm$BMH+0x000002230100c800'
Event: 8926.067 Thread 0x0000022347c42f80 Unloading class 0x000002230100c000 'java/lang/invoke/LambdaForm$DMH+0x000002230100c000'
Event: 8926.067 Thread 0x0000022347c42f80 Unloading class 0x0000022301008c00 'java/lang/invoke/LambdaForm$MH+0x0000022301008c00'
Event: 8926.067 Thread 0x0000022347c42f80 Unloading class 0x0000022301008800 'java/lang/invoke/LambdaForm$MH+0x0000022301008800'
Event: 8926.067 Thread 0x0000022347c42f80 Unloading class 0x0000022301008400 'java/lang/invoke/LambdaForm$MH+0x0000022301008400'
Event: 8926.067 Thread 0x0000022347c42f80 Unloading class 0x0000022301007000 'java/lang/invoke/LambdaForm$MH+0x0000022301007000'
Event: 8926.067 Thread 0x0000022347c42f80 Unloading class 0x0000022301006c00 'java/lang/invoke/LambdaForm$MH+0x0000022301006c00'
Event: 8926.068 Thread 0x0000022347c42f80 Unloading class 0x0000022301006400 'java/lang/invoke/LambdaForm$MH+0x0000022301006400'
Event: 8926.068 Thread 0x0000022347c42f80 Unloading class 0x0000022301006000 'java/lang/invoke/LambdaForm$MH+0x0000022301006000'
Event: 8926.068 Thread 0x0000022347c42f80 Unloading class 0x0000022301005c00 'java/lang/invoke/LambdaForm$BMH+0x0000022301005c00'
Event: 8926.068 Thread 0x0000022347c42f80 Unloading class 0x0000022301004800 'java/lang/invoke/LambdaForm$DMH+0x0000022301004800'
Event: 8926.068 Thread 0x0000022347c42f80 Unloading class 0x0000022301002400 'java/lang/invoke/LambdaForm$MH+0x0000022301002400'
Event: 8926.068 Thread 0x0000022347c42f80 Unloading class 0x0000022301002000 'java/lang/invoke/LambdaForm$MH+0x0000022301002000'
Event: 8926.068 Thread 0x0000022347c42f80 Unloading class 0x0000022301001800 'java/lang/invoke/LambdaForm$MH+0x0000022301001800'
Event: 8926.068 Thread 0x0000022347c42f80 Unloading class 0x0000022301000400 'java/lang/invoke/LambdaForm$MH+0x0000022301000400'
Event: 9404.039 Thread 0x0000022347c42f80 Unloading class 0x000002230117a800 'java/lang/invoke/LambdaForm$MH+0x000002230117a800'
Event: 9404.039 Thread 0x0000022347c42f80 Unloading class 0x000002230117a000 'java/lang/invoke/LambdaForm$MH+0x000002230117a000'
Event: 9404.039 Thread 0x0000022347c42f80 Unloading class 0x0000022301179c00 'java/lang/invoke/LambdaForm$MH+0x0000022301179c00'
Event: 9404.039 Thread 0x0000022347c42f80 Unloading class 0x0000022301179800 'java/lang/invoke/LambdaForm$MH+0x0000022301179800'

Classes redefined (0 events):
No events

Internal exceptions (20 events):
Event: 34710.496 Thread 0x000002236a748fd0 Exception <a 'sun/nio/fs/WindowsException'{0x00000000d568b728}> (0x00000000d568b728) 
thrown [s\src\hotspot\share\prims\jni.cpp, line 520]
Event: 34710.982 Thread 0x000002236a748fd0 Exception <a 'sun/nio/fs/WindowsException'{0x00000000d5672ee8}> (0x00000000d5672ee8) 
thrown [s\src\hotspot\share\prims\jni.cpp, line 520]
Event: 34710.987 Thread 0x000002236d7286f0 Implicit null exception at 0x000002235876a235 to 0x000002235876a4b8
Event: 34981.452 Thread 0x000002236bfc51c0 Exception <a 'sun/nio/fs/WindowsException'{0x00000000d587f198}> (0x00000000d587f198) 
thrown [s\src\hotspot\share\prims\jni.cpp, line 520]
Event: 34981.456 Thread 0x000002236bfc51c0 Exception <a 'sun/nio/fs/WindowsException'{0x00000000d587fdc8}> (0x00000000d587fdc8) 
thrown [s\src\hotspot\share\prims\jni.cpp, line 520]
Event: 36214.901 Thread 0x000002236a748fd0 Exception <a 'sun/nio/fs/WindowsException'{0x00000000d5842290}> (0x00000000d5842290) 
thrown [s\src\hotspot\share\prims\jni.cpp, line 520]
Event: 36215.721 Thread 0x000002236a748fd0 Exception <a 'sun/nio/fs/WindowsException'{0x00000000d55f8058}> (0x00000000d55f8058) 
thrown [s\src\hotspot\share\prims\jni.cpp, line 520]
Event: 36220.861 Thread 0x000002236a748fd0 Exception <a 'sun/nio/fs/WindowsException'{0x00000000d58c50e0}> (0x00000000d58c50e0) 
thrown [s\src\hotspot\share\prims\jni.cpp, line 520]
Event: 36223.820 Thread 0x000002236a748fd0 Exception <a 'sun/nio/fs/WindowsException'{0x00000000d562ec30}> (0x00000000d562ec30) 
thrown [s\src\hotspot\share\prims\jni.cpp, line 520]
Event: 36227.643 Thread 0x000002236a748fd0 Exception <a 'sun/nio/fs/WindowsException'{0x00000000d5771b00}> (0x00000000d5771b00) 
thrown [s\src\hotspot\share\prims\jni.cpp, line 520]
Event: 36228.938 Thread 0x000002236a748fd0 Exception <a 'sun/nio/fs/WindowsException'{0x00000000d559b388}> (0x00000000d559b388) 
thrown [s\src\hotspot\share\prims\jni.cpp, line 520]
Event: 36237.921 Thread 0x000002236a748fd0 Exception <a 'sun/nio/fs/WindowsException'{0x00000000d5707360}> (0x00000000d5707360) 
thrown [s\src\hotspot\share\prims\jni.cpp, line 520]
Event: 36238.240 Thread 0x000002236d72b4e0 Implicit null exception at 0x00000223588daf3b to 0x00000223588e1b80
Event: 36238.240 Thread 0x000002236d72b4e0 Implicit null exception at 0x000002235898ec75 to 0x00000223589915dc
Event: 36238.362 Thread 0x000002236d72a7c0 Implicit null exception at 0x0000022358b28314 to 0x0000022358b285a5
Event: 36239.556 Thread 0x000002236a748fd0 Exception <a 'sun/nio/fs/WindowsException'{0x00000000d56e22a0}> (0x00000000d56e22a0) 
thrown [s\src\hotspot\share\prims\jni.cpp, line 520]
Event: 36247.452 Thread 0x000002236a748fd0 Exception <a 'sun/nio/fs/WindowsException'{0x00000000d5704e80}> (0x00000000d5704e80) 
thrown [s\src\hotspot\share\prims\jni.cpp, line 520]
Event: 36247.752 Thread 0x000002236a748fd0 Exception <a 'sun/nio/fs/WindowsException'{0x00000000d5657878}> (0x00000000d5657878) 
thrown [s\src\hotspot\share\prims\jni.cpp, line 520]
Event: 36515.382 Thread 0x000002236d7286f0 Exception <a 'sun/nio/fs/WindowsException'{0x00000000d56b0268}> (0x00000000d56b0268) 
thrown [s\src\hotspot\share\prims\jni.cpp, line 520]
Event: 36515.385 Thread 0x000002236d7286f0 Exception <a 'sun/nio/fs/WindowsException'{0x00000000d56b0c30}> (0x00000000d56b0c30) 
thrown [s\src\hotspot\share\prims\jni.cpp, line 520]

ZGC Phase Switch (0 events):
No events

VM Operations (20 events):
Event: 65554.306 Executing non-safepoint VM operation: HandshakeAllThreads (HandshakeForDeflation) done
Event: 65554.306 Executing non-safepoint VM operation: RendezvousGCThreads
Event: 65554.306 Executing non-safepoint VM operation: RendezvousGCThreads done
Event: 65614.455 Executing non-safepoint VM operation: HandshakeAllThreads (HandshakeForDeflation)
Event: 65614.456 Executing non-safepoint VM operation: HandshakeAllThreads (HandshakeForDeflation) done
Event: 65614.456 Executing non-safepoint VM operation: RendezvousGCThreads
Event: 65614.456 Executing non-safepoint VM operation: RendezvousGCThreads done
Event: 65674.484 Executing non-safepoint VM operation: HandshakeAllThreads (HandshakeForDeflation)
Event: 65674.494 Executing non-safepoint VM operation: HandshakeAllThreads (HandshakeForDeflation) done
Event: 65674.494 Executing non-safepoint VM operation: RendezvousGCThreads
Event: 65674.494 Executing non-safepoint VM operation: RendezvousGCThreads done
Event: 65734.645 Executing non-safepoint VM operation: HandshakeAllThreads (HandshakeForDeflation)
Event: 65734.646 Executing non-safepoint VM operation: HandshakeAllThreads (HandshakeForDeflation) done
Event: 65734.646 Executing non-safepoint VM operation: RendezvousGCThreads
Event: 65734.646 Executing non-safepoint VM operation: RendezvousGCThreads done
Event: 65794.840 Executing non-safepoint VM operation: HandshakeAllThreads (HandshakeForDeflation)
Event: 65794.845 Executing non-safepoint VM operation: HandshakeAllThreads (HandshakeForDeflation) done
Event: 65794.845 Executing non-safepoint VM operation: RendezvousGCThreads
Event: 65794.845 Executing non-safepoint VM operation: RendezvousGCThreads done
Event: 65854.939 Executing non-safepoint VM operation: HandshakeAllThreads (HandshakeForDeflation)

Memory protections (0 events):
No events

Nmethod flushes (20 events):
Event: 9406.631 Thread 0x0000022347c42f80 flushing osr nmethod 0x000002235220f110
Event: 9406.631 Thread 0x0000022347c42f80 flushing  nmethod 0x0000022352211790
Event: 9406.631 Thread 0x0000022347c42f80 flushing  nmethod 0x0000022352215310
Event: 9406.631 Thread 0x0000022347c42f80 flushing  nmethod 0x000002235221a990
Event: 9406.631 Thread 0x0000022347c42f80 flushing  nmethod 0x000002235221be10
Event: 9406.631 Thread 0x0000022347c42f80 flushing osr nmethod 0x0000022352220910
Event: 9406.631 Thread 0x0000022347c42f80 flushing  nmethod 0x0000022352227010
Event: 9406.632 Thread 0x0000022347c42f80 flushing  nmethod 0x000002235222ff90
Event: 9406.632 Thread 0x0000022347c42f80 flushing  nmethod 0x0000022352254a90
Event: 9406.632 Thread 0x0000022347c42f80 flushing  nmethod 0x0000022352258510
Event: 9406.632 Thread 0x0000022347c42f80 flushing  nmethod 0x000002235225f690
Event: 9406.632 Thread 0x0000022347c42f80 flushing  nmethod 0x000002235227b610
Event: 9406.632 Thread 0x0000022347c42f80 flushing  nmethod 0x000002235235b790
Event: 9406.632 Thread 0x0000022347c42f80 flushing  nmethod 0x00000223523a1310
Event: 9406.632 Thread 0x0000022347c42f80 flushing  nmethod 0x00000223523ea190
Event: 9406.632 Thread 0x0000022347c42f80 flushing  nmethod 0x000002235246a190
Event: 9406.633 Thread 0x0000022347c42f80 flushing  nmethod 0x000002235247c190
Event: 9406.633 Thread 0x0000022347c42f80 flushing  nmethod 0x0000022352557410
Event: 9406.633 Thread 0x0000022347c42f80 flushing  nmethod 0x000002235255fc10
Event: 9406.634 Thread 0x0000022347c42f80 flushing  nmethod 0x0000022352612790

Events (20 events):
Event: 36227.886 Thread 0x000002236d72b4e0 Thread added: 0x000002236bfc5850
Event: 36238.066 Thread 0x000002236d72b4e0 Thread added: 0x000002236b6a3940
Event: 36238.505 Thread 0x0000022365a7cf20 Thread added: 0x000002236c014f60
Event: 36238.675 Thread 0x000002236c014f60 Thread exited: 0x000002236c014f60
Event: 36247.586 Thread 0x000002236d7286f0 Thread added: 0x000002236b6a04c0
Event: 36307.755 Thread 0x000002236d72a7c0 Thread exited: 0x000002236d72a7c0
Event: 36367.304 Thread 0x000002236d72b4e0 Thread exited: 0x000002236d72b4e0
Event: 36515.413 Thread 0x000002236d7286f0 Thread added: 0x000002236b6a0b50
Event: 36515.424 Thread 0x000002236b6a0b50 Thread exited: 0x000002236b6a0b50
Event: 36515.558 Thread 0x000002236d7286f0 Thread added: 0x000002236b6a0b50
Event: 36515.559 Thread 0x000002236b6a0b50 Thread exited: 0x000002236b6a0b50
Event: 36516.044 Thread 0x000002236d728d80 Thread exited: 0x000002236d728d80
Event: 36516.784 Thread 0x000002236bfbfc70 Thread exited: 0x000002236bfbfc70
Event: 36516.784 Thread 0x000002236bfbe8c0 Thread exited: 0x000002236bfbe8c0
Event: 36520.952 Thread 0x000002236bfc2a60 Thread exited: 0x000002236bfc2a60
Event: 36521.271 Thread 0x000002236bfc16b0 Thread exited: 0x000002236bfc16b0
Event: 36521.271 Thread 0x000002236bfc3e10 Thread exited: 0x000002236bfc3e10
Event: 36527.935 Thread 0x000002236bfc5850 Thread exited: 0x000002236bfc5850
Event: 36538.082 Thread 0x000002236b6a3940 Thread exited: 0x000002236b6a3940
Event: 36547.596 Thread 0x000002236b6a04c0 Thread exited: 0x000002236b6a04c0


Dynamic libraries:
0x00007ff78dbc0000 - 0x00007ff78dbce000 	C:\Program Files\Eclipse Adoptium\jdk-21.0.10.7-hotspot\bin\java.exe
0x00007ffaeeb00000 - 0x00007ffaeed67000 	C:\WINDOWS\SYSTEM32\ntdll.dll
0x00007ffaec9a0000 - 0x00007ffaeca69000 	C:\WINDOWS\System32\KERNEL32.DLL
0x00007ffaeb670000 - 0x00007ffaeba64000 	C:\WINDOWS\System32\KERNELBASE.dll
0x00007ffaec5d0000 - 0x00007ffaec71b000 	C:\WINDOWS\System32\ucrtbase.dll
0x00007ffabdc60000 - 0x00007ffabdc78000 	C:\Program Files\Eclipse Adoptium\jdk-21.0.10.7-hotspot\bin\jli.dll
0x00007ffabaa20000 - 0x00007ffabaa3e000 	C:\Program Files\Eclipse Adoptium\jdk-21.0.10.7-hotspot\bin\VCRUNTIME140.dll
0x00007ffaee110000 - 0x00007ffaee2d5000 	C:\WINDOWS\System32\USER32.dll
0x00007ffad4550000 - 0x00007ffad47e3000 	C:\WINDOWS\WinSxS\amd64_microsoft.windows.common-controls_6595b64144ccf1df_6.0.26100.8115_none_3e075c82e3354f9c\COMCTL32.dll
0x00007ffaec720000 - 0x00007ffaec747000 	C:\WINDOWS\System32\win32u.dll
0x00007ffaeea90000 - 0x00007ffaeeabb000 	C:\WINDOWS\System32\GDI32.dll
0x00007ffaed980000 - 0x00007ffaeda29000 	C:\WINDOWS\System32\msvcrt.dll
0x00007ffaeb540000 - 0x00007ffaeb66b000 	C:\WINDOWS\System32\gdi32full.dll
0x00007ffaec750000 - 0x00007ffaec7f3000 	C:\WINDOWS\System32\msvcp_win.dll
0x00007ffaeca70000 - 0x00007ffaecaa2000 	C:\WINDOWS\System32\IMM32.DLL
0x00007ffad7fd0000 - 0x00007ffad7fdc000 	C:\Program Files\Eclipse Adoptium\jdk-21.0.10.7-hotspot\bin\vcruntime140_1.dll
0x00007ffaa7cd0000 - 0x00007ffaa7d5d000 	C:\Program Files\Eclipse Adoptium\jdk-21.0.10.7-hotspot\bin\msvcp140.dll
0x00007ffa19e20000 - 0x00007ffa1abc1000 	C:\Program Files\Eclipse Adoptium\jdk-21.0.10.7-hotspot\bin\server\jvm.dll
0x00007ffaee050000 - 0x00007ffaee106000 	C:\WINDOWS\System32\ADVAPI32.dll
0x00007ffaedf90000 - 0x00007ffaee037000 	C:\WINDOWS\System32\sechost.dll
0x00007ffaed760000 - 0x00007ffaed878000 	C:\WINDOWS\System32\RPCRT4.dll
0x00007ffaec890000 - 0x00007ffaec910000 	C:\WINDOWS\System32\WS2_32.dll
0x00007ffadffe0000 - 0x00007ffae0016000 	C:\WINDOWS\SYSTEM32\WINMM.dll
0x00007ffaeb250000 - 0x00007ffaeb2ae000 	C:\WINDOWS\SYSTEM32\POWRPROF.dll
0x00007ffad5e70000 - 0x00007ffad5e7b000 	C:\WINDOWS\SYSTEM32\VERSION.dll
0x00007ffaeb230000 - 0x00007ffaeb244000 	C:\WINDOWS\SYSTEM32\UMPDC.dll
0x00007ffaea160000 - 0x00007ffaea17b000 	C:\WINDOWS\SYSTEM32\kernel.appcore.dll
0x00007ffad7b90000 - 0x00007ffad7b9a000 	C:\Program Files\Eclipse Adoptium\jdk-21.0.10.7-hotspot\bin\jimage.dll
0x00007ffae9280000 - 0x00007ffae94c2000 	C:\WINDOWS\SYSTEM32\DBGHELP.DLL
0x00007ffaee690000 - 0x00007ffaeea12000 	C:\WINDOWS\System32\combase.dll
0x00007ffaedeb0000 - 0x00007ffaedf88000 	C:\WINDOWS\System32\OLEAUT32.dll
0x00007ffad0780000 - 0x00007ffad07bb000 	C:\WINDOWS\SYSTEM32\dbgcore.DLL
0x00007ffaebcb0000 - 0x00007ffaebd55000 	C:\WINDOWS\System32\bcryptPrimitives.dll
0x00007ffad4020000 - 0x00007ffad402f000 	C:\Program Files\Eclipse Adoptium\jdk-21.0.10.7-hotspot\bin\instrument.dll
0x00007ffaba080000 - 0x00007ffaba0a0000 	C:\Program Files\Eclipse Adoptium\jdk-21.0.10.7-hotspot\bin\java.dll
0x00007ffaecab0000 - 0x00007ffaed217000 	C:\WINDOWS\System32\SHELL32.dll
0x00007ffaeb3d0000 - 0x00007ffaeb53a000 	C:\WINDOWS\System32\wintypes.dll
0x00007ffaebd60000 - 0x00007ffaec5c8000 	C:\WINDOWS\System32\windows.storage.dll
0x00007ffaed880000 - 0x00007ffaed978000 	C:\WINDOWS\System32\SHCORE.dll
0x00007ffaec920000 - 0x00007ffaec986000 	C:\WINDOWS\System32\shlwapi.dll
0x00007ffaeb2f0000 - 0x00007ffaeb319000 	C:\WINDOWS\SYSTEM32\profapi.dll
0x00007ffaa3540000 - 0x00007ffaa3617000 	C:\Program Files\Eclipse Adoptium\jdk-21.0.10.7-hotspot\bin\jsvml.dll
0x00007ffab92c0000 - 0x00007ffab92d8000 	C:\Program Files\Eclipse Adoptium\jdk-21.0.10.7-hotspot\bin\zip.dll
0x00007ffad5bb0000 - 0x00007ffad5bc0000 	C:\Program Files\Eclipse Adoptium\jdk-21.0.10.7-hotspot\bin\net.dll
0x00007ffae2140000 - 0x00007ffae226d000 	C:\WINDOWS\SYSTEM32\WINHTTP.dll
0x00007ffaea6d0000 - 0x00007ffaea73c000 	C:\WINDOWS\system32\mswsock.dll
0x00007ffab3550000 - 0x00007ffab3566000 	C:\Program Files\Eclipse Adoptium\jdk-21.0.10.7-hotspot\bin\nio.dll
0x00007ffad1200000 - 0x00007ffad1210000 	C:\Program Files\Eclipse Adoptium\jdk-21.0.10.7-hotspot\bin\verify.dll
0x00007ffaa3b90000 - 0x00007ffaa3bd5000 	C:\Users\Asus\AppData\Roaming\Antigravity\User\globalStorage\redhat.java\1.54.0\config_win\org.eclipse.equinox.launcher\org.eclipse.equinox.launcher.win32.win32.x86_64_1.3.0.v20260203-2149\eclipse_11919.dll
0x00007ffaee330000 - 0x00007ffaee4c7000 	C:\WINDOWS\System32\ole32.dll
0x00007ffaea9c0000 - 0x00007ffaea9db000 	C:\WINDOWS\SYSTEM32\CRYPTSP.dll
0x00007ffaea0c0000 - 0x00007ffaea0f9000 	C:\WINDOWS\system32\rsaenh.dll
0x00007ffaea780000 - 0x00007ffaea7b3000 	C:\WINDOWS\SYSTEM32\USERENV.dll
0x00007ffaeb2c0000 - 0x00007ffaeb2ea000 	C:\WINDOWS\SYSTEM32\bcrypt.dll
0x00007ffaea9b0000 - 0x00007ffaea9bc000 	C:\WINDOWS\SYSTEM32\CRYPTBASE.dll
0x00007ffae9b60000 - 0x00007ffae9b92000 	C:\WINDOWS\SYSTEM32\IPHLPAPI.DLL
0x00007ffaee040000 - 0x00007ffaee04a000 	C:\WINDOWS\System32\NSI.dll
0x00007ffaa8cc0000 - 0x00007ffaa8d09000 	C:\Users\Asus\AppData\Local\Temp\jna-2050672\jna9338128743373126675.dll
0x00007ffaee5d0000 - 0x00007ffaee5d8000 	C:\WINDOWS\System32\PSAPI.DLL
0x00007ffae2590000 - 0x00007ffae25ad000 	C:\WINDOWS\SYSTEM32\dhcpcsvc6.DLL
0x00007ffae2560000 - 0x00007ffae2585000 	C:\WINDOWS\SYSTEM32\dhcpcsvc.DLL
0x00007ffac8160000 - 0x00007ffac816e000 	C:\Program Files\Eclipse Adoptium\jdk-21.0.10.7-hotspot\bin\sunmscapi.dll
0x00007ffaeba70000 - 0x00007ffaebbe7000 	C:\WINDOWS\System32\CRYPT32.dll
0x00007ffaeabd0000 - 0x00007ffaeac00000 	C:\WINDOWS\SYSTEM32\ncrypt.dll
0x00007ffaeab80000 - 0x00007ffaeabbf000 	C:\WINDOWS\SYSTEM32\NTASN1.dll
0x00007ffae9ba0000 - 0x00007ffae9cd2000 	C:\WINDOWS\SYSTEM32\DNSAPI.dll
0x0000000077e60000 - 0x0000000077e86000 	C:\Program Files\Bonjour\mdnsNSP.dll
0x00007ffadf2c0000 - 0x00007ffadf2cb000 	C:\Windows\System32\rasadhlp.dll
0x00007ffae2d00000 - 0x00007ffae2d86000 	C:\WINDOWS\System32\fwpuclnt.dll
0x00007ffac51e0000 - 0x00007ffac51e9000 	C:\Program Files\Eclipse Adoptium\jdk-21.0.10.7-hotspot\bin\extnet.dll

JVMTI agents:
c:\Users\Asus\.antigravity\extensions\redhat.java-1.54.0-win32-x64\lombok\lombok-1.18.39-4050.jar path:C:\Program Files\Eclipse Adoptium\jdk-21.0.10.7-hotspot\bin\instrument.dll, loaded, initialized, instrumentlib options:none

dbghelp: loaded successfully - version: 4.0.5 - missing functions: none
symbol engine: initialized successfully - sym options: 0x614 - pdb path: .;C:\Program Files\Eclipse Adoptium\jdk-21.0.10.7-hotspot\bin;C:\WINDOWS\SYSTEM32;C:\WINDOWS\WinSxS\amd64_microsoft.windows.common-controls_6595b64144ccf1df_6.0.26100.8115_none_3e075c82e3354f9c;C:\Program Files\Eclipse Adoptium\jdk-21.0.10.7-hotspot\bin\server;C:\Users\Asus\AppData\Roaming\Antigravity\User\globalStorage\redhat.java\1.54.0\config_win\org.eclipse.equinox.launcher\org.eclipse.equinox.launcher.win32.win32.x86_64_1.3.0.v20260203-2149;C:\Users\Asus\AppData\Local\Temp\jna-2050672;C:\Program Files\Bonjour

VM Arguments:
jvm_args: --add-modules=ALL-SYSTEM --add-opens=java.base/java.util=ALL-UNNAMED --add-opens=java.base/java.lang=ALL-UNNAMED --add-opens=java.base/sun.nio.fs=ALL-UNNAMED -Declipse.application=org.eclipse.jdt.ls.core.id1 -Dosgi.bundles.defaultStartLevel=4 -Declipse.product=org.eclipse.jdt.ls.core.product -Djava.import.generatesMetadataFilesAtProjectRoot=false -DDetectVMInstallationsJob.disabled=true -Dfile.encoding=utf8 -XX:+UseParallelGC -XX:GCTimeRatio=4 -XX:AdaptiveSizePolicyWeight=90 -Dsun.zip.disableMemoryMapping=true -Xmx2G -Xms100m -Xlog:disable -javaagent:c:\Users\Asus\.antigravity\extensions\redhat.java-1.54.0-win32-x64\lombok\lombok-1.18.39-4050.jar -XX:+HeapDumpOnOutOfMemoryError -XX:HeapDumpPath=c:\Users\Asus\AppData\Roaming\Antigravity\User\workspaceStorage\8759f5fb2e11d8697028232e83f5399e\redhat.java -Daether.dependencyCollector.impl=bf 
java_command: c:\Users\Asus\.antigravity\extensions\redhat.java-1.54.0-win32-x64\server\plugins\org.eclipse.equinox.launcher_1.7.100.v20251111-0406.jar -configuration c:\Users\Asus\AppData\Roaming\Antigravity\User\globalStorage\redhat.java\1.54.0\config_win -data c:\Users\Asus\AppData\Roaming\Antigravity\User\workspaceStorage\8759f5fb2e11d8697028232e83f5399e\redhat.java\jdt_ws --pipe=\\.\pipe\lsp-fd9cc044f16711f2947a87bb21e273c5-sock
java_class_path (initial): c:\Users\Asus\.antigravity\extensions\redhat.java-1.54.0-win32-x64\server\plugins\org.eclipse.equinox.launcher_1.7.100.v20251111-0406.jar
Launcher Type: SUN_STANDARD

[Global flags]
    uintx AdaptiveSizePolicyWeight                 = 90                                        {product} {command line}
     intx CICompilerCount                          = 4                                         {product} {ergonomic}
    uintx GCTimeRatio                              = 4                                         {product} {command line}
     bool HeapDumpOnOutOfMemoryError               = true                                   {manageable} {command line}
    ccstr HeapDumpPath                             = c:\Users\Asus\AppData\Roaming\Antigravity\User\workspaceStorage\8759f5fb2e11d8697028232e83f5399e\redhat.java         {manageable} {command line}
   size_t InitialHeapSize                          = 104857600                                 {product} {command line}
   size_t MaxHeapSize                              = 2147483648                                {product} {command line}
   size_t MaxNewSize                               = 715653120                                 {product} {ergonomic}
   size_t MinHeapDeltaBytes                        = 524288                                    {product} {ergonomic}
   size_t MinHeapSize                              = 104857600                                 {product} {command line}
   size_t NewSize                                  = 34603008                                  {product} {ergonomic}
    uintx NonNMethodCodeHeapSize                   = 5839372                                {pd product} {ergonomic}
    uintx NonProfiledCodeHeapSize                  = 122909434                              {pd product} {ergonomic}
   size_t OldSize                                  = 70254592                                  {product} {ergonomic}
    uintx ProfiledCodeHeapSize                     = 122909434                              {pd product} {ergonomic}
    uintx ReservedCodeCacheSize                    = 251658240                              {pd product} {ergonomic}
     bool SegmentedCodeCache                       = true                                      {product} {ergonomic}
   size_t SoftMaxHeapSize                          = 2147483648                             {manageable} {ergonomic}
     bool UseCompressedOops                        = true                           {product lp64_product} {ergonomic}
     bool UseLargePagesIndividualAllocation        = false                                  {pd product} {ergonomic}
     bool UseParallelGC                            = true                                      {product} {command line}

Logging:
Log output configuration:
 #0: stdout all=off uptime,level,tags foldmultilines=false
 #1: stderr all=off uptime,level,tags foldmultilines=false

Release file:
IMPLEMENTOR="Eclipse Adoptium" 
IMPLEMENTOR_VERSION="Temurin-21.0.10+7" 
JAVA_RUNTIME_VERSION="21.0.10+7-LTS" 
JAVA_VERSION="21.0.10" 
JAVA_VERSION_DATE="2026-01-20" 
LIBC="default" 
MODULES="java.base java.compiler java.datatransfer java.xml java.prefs java.desktop java.instrument java.logging java.management java.security.sasl java.naming java.rmi java.management.rmi java.net.http java.scripting java.security.jgss java.transaction.xa java.sql java.sql.rowset java.xml.crypto java.se java.smartcardio jdk.accessibility jdk.internal.jvmstat jdk.attach jdk.charsets jdk.internal.opt jdk.zipfs jdk.compiler jdk.crypto.ec jdk.crypto.cryptoki jdk.crypto.mscapi jdk.dynalink jdk.internal.ed jdk.editpad jdk.hotspot.agent jdk.httpserver jdk.incubator.vector jdk.internal.le jdk.internal.vm.ci jdk.internal.vm.compiler jdk.internal.vm.compiler.management jdk.jartool jdk.javadoc jdk.jcmd jdk.management jdk.management.agent jdk.jconsole jdk.jdeps jdk.jdwp.agent jdk.jdi jdk.jfr jdk.jlink jdk.jpackage jdk.jshell jdk.jsobject jdk.jstatd jdk.localedata jdk.management.jfr jdk.naming.dns jdk.naming.rmi jdk.net jdk.nio.mapmode jdk.random jdk.sctp jdk.security.auth jdk.security.jgss jdk.unsupported jdk.unsupported.desktop jdk.xml.dom" 
OS_ARCH="x86_64" 
OS_NAME="Windows" 
SOURCE=".:git:a633eafe0fcc" 
BUILD_SOURCE="git:458965074606f027bd5afce2cfd5c1055dea0438"
BUILD_SOURCE_REPO="https://github.com/adoptium/temurin-build.git"
SOURCE_REPO="https://github.com/adoptium/jdk21u.git"
FULL_VERSION="21.0.10+7-LTS"
SEMANTIC_VERSION="21.0.10+7"
BUILD_INFO="OS: Windows Server 2022 Version: 10.0"
JVM_VARIANT="Hotspot"
JVM_VERSION="21.0.10+7-LTS"
IMAGE_TYPE="JDK"

Environment Variables:
PATH=C:\Program Files\Eclipse Adoptium\jdk-21.0.10.7-hotspot\bin;C:\Program Files\Common Files\Oracle\Java\javapath;C:\WINDOWS\system32;C:\WINDOWS;C:\WINDOWS\System32\Wbem;C:\WINDOWS\System32\WindowsPowerShell\v1.0\;C:\WINDOWS\System32\OpenSSH\;C:\ProgramData\chocolatey\bin;C:\Program Files\Git\cmd;C:\Program Files\nodejs\;C:\Users\Asus\AppData\Local\Microsoft\WindowsApps;C:\Users\Asus\AppData\Local\Programs\Microsoft VS Code\bin;C:\Users\Asus\AppData\Roaming\npm;C:\Users\Asus\AppData\Local\Programs\Antigravity\bin
USERNAME=Asus
OS=Windows_NT
PROCESSOR_IDENTIFIER=Intel64 Family 6 Model 186 Stepping 3, GenuineIntel
TMP=C:\Users\Asus\AppData\Local\Temp
TEMP=C:\Users\Asus\AppData\Local\Temp




Periodic native trim disabled

---------------  S Y S T E M  ---------------

OS:
 Windows 11 , 64 bit Build 26100 (10.0.26100.8246)
OS uptime: 1 days 6:34 hours

CPU: total 12 (initial active 12) (6 cores per cpu, 2 threads per core) family 6 model 186 stepping 3 microcode 0x410e, cx8, cmov, fxsr, ht, mmx, 3dnowpref, sse, sse2, sse3, ssse3, sse4.1, sse4.2, popcnt, lzcnt, tsc, tscinvbit, avx, avx2, aes, erms, clmul, bmi1, bmi2, adx, sha, fma, vzeroupper, clflush, clflushopt, clwb, serialize, rdtscp, rdpid, fsrm, f16c, pku, cet_ibt, cet_ss
Processor Information for processor 0
  Max Mhz: 1300, Current Mhz: 1300, Mhz Limit: 1300
Processor Information for processor 1
  Max Mhz: 1300, Current Mhz: 1300, Mhz Limit: 1300
Processor Information for processor 2
  Max Mhz: 1300, Current Mhz: 1300, Mhz Limit: 1300
Processor Information for processor 3
  Max Mhz: 1300, Current Mhz: 1300, Mhz Limit: 1300
Processor Information for processor 4
  Max Mhz: 1300, Current Mhz: 900, Mhz Limit: 897
Processor Information for processor 5
  Max Mhz: 1300, Current Mhz: 900, Mhz Limit: 897
Processor Information for processor 6
  Max Mhz: 1300, Current Mhz: 900, Mhz Limit: 897
Processor Information for processor 7
  Max Mhz: 1300, Current Mhz: 900, Mhz Limit: 897
Processor Information for processor 8
  Max Mhz: 1300, Current Mhz: 900, Mhz Limit: 897
Processor Information for processor 9
  Max Mhz: 1300, Current Mhz: 900, Mhz Limit: 897
Processor Information for processor 10
  Max Mhz: 1300, Current Mhz: 900, Mhz Limit: 897
Processor Information for processor 11
  Max Mhz: 1300, Current Mhz: 900, Mhz Limit: 897

Memory: 4k page, system-wide physical 7809M (239M free)
TotalPageFile size 31361M (AvailPageFile size 0M)
current process WorkingSet (physical memory assigned to process): 7M, peak: 477M
current process commit charge ("private bytes"): 1668M, peak: 1670M

vm_info: OpenJDK 64-Bit Server VM (21.0.10+7-LTS) for windows-amd64 JRE (21.0.10+7-LTS), built on 2026-01-20T00:00:00Z by "admin" with MS VC++ 17.12 (VS2022)

END.
